<?xml version="1.0" encoding="utf-8"?><testsuites name="pytest tests"><testsuite name="pytest" errors="0" failures="0" skipped="0" tests="14" time="3.107" timestamp="2026-04-19T04:15:00.522132+00:00" hostname="agent-env-12fa8bac-86f8-401f-90eb-d82460c5288f"><testcase classname="tests.test_rgb_extraction.TestHealthEndpoint" name="test_health_check" time="0.225" /><testcase classname="tests.test_rgb_extraction.TestFullImageRGBExtraction" name="test_extract_pure_red" time="0.146" /><testcase classname="tests.test_rgb_extraction.TestFullImageRGBExtraction" name="test_extract_pure_green" time="0.148" /><testcase classname="tests.test_rgb_extraction.TestFullImageRGBExtraction" name="test_extract_pure_blue" time="0.128" /><testcase classname="tests.test_rgb_extraction.TestFullImageRGBExtraction" name="test_extract_gray" time="0.161" /><testcase classname="tests.test_rgb_extraction.TestFullImageRGBExtraction" name="test_extract_with_data_uri_prefix" time="0.238" /><testcase classname="tests.test_rgb_extraction.TestRegionBasedRGBExtraction" name="test_extract_left_region" time="0.401" /><testcase classname="tests.test_rgb_extraction.TestRegionBasedRGBExtraction" name="test_extract_right_region" time="0.236" /><testcase classname="tests.test_rgb_extraction.TestRegionBasedRGBExtraction" name="test_extract_center_region" time="0.163" /><testcase classname="tests.test_rgb_extraction.TestRegionBasedRGBExtraction" name="test_extract_corner_regions" time="0.276" /><testcase classname="tests.test_rgb_extraction.TestErrorHandling" name="test_invalid_base64" time="0.555" /><testcase classname="tests.test_rgb_extraction.TestErrorHandling" name="test_empty_base64" time="0.107" /><testcase classname="tests.test_rgb_extraction.TestErrorHandling" name="test_corrupted_image_data" time="0.120" /><testcase classname="tests.test_rgb_extraction.TestErrorHandling" name="test_missing_image_field" time="0.118" /></testsuite></testsuites>